<?xml version="1.0" encoding="UTF-8"?>
<testsuite xmlns:xsi="http://www.w3.org/2001/XMLSchema-instance" xsi:noNamespaceSchemaLocation="https://maven.apache.org/surefire/maven-surefire-plugin/xsd/surefire-test-report.xsd" name="TestSuite" time="765.88" tests="6" errors="0" skipped="0" failures="6">
  <properties>
[...]
</properties>
  <testcase name="verifyLoginUsingJsonData" classname="com.store.TestCases.TC_verifySignUp_LoginTest" time="0.525">
    <failure message="Cannot deserialize value of type `com.store.Pojo.LoginPojo` from Array value (token `JsonToken.START_ARRAY`)&#10; at [Source: (File); line: 1, column: 1]" type="com.fasterxml.jackson.databind.exc.MismatchedInputException">com.fasterxml.jackson.databind.exc.MismatchedInputException: 
Cannot deserialize value of type `com.store.Pojo.LoginPojo` from Array value (token `JsonToken.START_ARRAY`)
 at [Source: (File); line: 1, column: 1]
	at com.store.TestCases.TC_verifySignUp_LoginTest.verifyLoginUsingJsonData(TC_verifySignUp_LoginTest.java:44)
</failure>
    <system-out><![CDATA[src/test/resources/Configuration/config.properties
D:\Selenium\SeleniumFrameworkDevelopment\SeleniumFramework
src/test/resources/Configuration/config.properties
D:\Selenium\SeleniumFrameworkDevelopment\SeleniumFramework
src/test/resources/Configuration/config.properties
On start method invoked
Name of test method started:verifyLoginUsingJsonData
]]></system-out>
    <system-err><![CDATA[SLF4J: Failed to load class "org.slf4j.impl.StaticLoggerBinder".
SLF4J: Defaulting to no-operation (NOP) logger implementation
SLF4J: See http://www.slf4j.org/codes.html#StaticLoggerBinder for further details.
Starting ChromeDriver 113.0.5672.63 (0e1a4471d5ae5bf128b1bd8f4d627c8cbd55f70c-refs/branch-heads/5672@{#912}) on port 16213
Only local connections are allowed.
Please see https://chromedriver.chromium.org/security-considerations for suggestions on keeping ChromeDriver safe.
ChromeDriver was started successfully.
]]></system-err>
  </testcase>
  <testcase name="verifyLoginUsingTestNG" classname="com.store.TestCases.TC_verifySignUp_LoginTest" time="181.983">
    <failure message="java.util.concurrent.TimeoutException&#10;Build info: version: &apos;4.9.1&apos;, revision: &apos;eb2032df7f&apos;&#10;System info: os.name: &apos;Windows 11&apos;, os.arch: &apos;amd64&apos;, os.version: &apos;10.0&apos;, java.version: &apos;11.0.16.1&apos;&#10;Driver info: org.openqa.selenium.chrome.ChromeDriver&#10;Command: [da8b11ae29c7370ea79a8c9014c2f682, clickElement {id=E1373F4B5148522CE629205C9895FC8F_element_80}]&#10;Capabilities {acceptInsecureCerts: false, browserName: chrome, browserVersion: 113.0.5672.94, chrome: {chromedriverVersion: 113.0.5672.63 (0e1a4471d5ae..., userDataDir: C:\Program Files (x86)\scop...}, goog:chromeOptions: {debuggerAddress: localhost:64070}, networkConnectionEnabled: false, pageLoadStrategy: normal, platformName: windows, proxy: Proxy(), se:cdp: ws://localhost:64070/devtoo..., se:cdpVersion: 113.0.5672.94, setWindowRect: true, strictFileInteractability: false, timeouts: {implicit: 0, pageLoad: 300000, script: 30000}, unhandledPromptBehavior: dismiss and notify, webauthn:extension:credBlob: true, webauthn:extension:largeBlob: true, webauthn:extension:minPinLength: true, webauthn:extension:prf: true, webauthn:virtualAuthenticators: true}&#10;Element: [[ChromeDriver: chrome on windows (da8b11ae29c7370ea79a8c9014c2f682)] -&gt; css selector: [data-qa=&apos;login-button&apos;]]&#10;Session ID: da8b11ae29c7370ea79a8c9014c2f682" type="org.openqa.selenium.TimeoutException">org.openqa.selenium.TimeoutException: 
java.util.concurrent.TimeoutException
Build info: version: '4.9.1', revision: 'eb2032df7f'
System info: os.name: 'Windows 11', os.arch: 'amd64', os.version: '10.0', java.version: '11.0.16.1'
Driver info: org.openqa.selenium.chrome.ChromeDriver
Command: [da8b11ae29c7370ea79a8c9014c2f682, clickElement {id=E1373F4B5148522CE629205C9895FC8F_element_80}]
Capabilities {acceptInsecureCerts: false, browserName: chrome, browserVersion: 113.0.5672.94, chrome: {chromedriverVersion: 113.0.5672.63 (0e1a4471d5ae..., userDataDir: C:\Program Files (x86)\scop...}, goog:chromeOptions: {debuggerAddress: localhost:64070}, networkConnectionEnabled: false, pageLoadStrategy: normal, platformName: windows, proxy: Proxy(), se:cdp: ws://localhost:64070/devtoo..., se:cdpVersion: 113.0.5672.94, setWindowRect: true, strictFileInteractability: false, timeouts: {implicit: 0, pageLoad: 300000, script: 30000}, unhandledPromptBehavior: dismiss and notify, webauthn:extension:credBlob: true, webauthn:extension:largeBlob: true, webauthn:extension:minPinLength: true, webauthn:extension:prf: true, webauthn:virtualAuthenticators: true}
Element: [[ChromeDriver: chrome on windows (da8b11ae29c7370ea79a8c9014c2f682)] -> css selector: [data-qa='login-button']]
Session ID: da8b11ae29c7370ea79a8c9014c2f682
	at com.store.TestCases.TC_verifySignUp_LoginTest.verifyLoginUsingTestNG(TC_verifySignUp_LoginTest.java:67)
Caused by: java.util.concurrent.TimeoutException
	at com.store.TestCases.TC_verifySignUp_LoginTest.verifyLoginUsingTestNG(TC_verifySignUp_LoginTest.java:67)
</failure>
    <system-out><![CDATA[Name of test method started:verifyLoginUsingTestNG
]]></system-out>
  </testcase>
  <testcase name="verifyLoginUsingTestNG" classname="com.store.TestCases.TC_verifySignUp_LoginTest" time="180.01">
    <failure message="java.util.concurrent.TimeoutException&#10;Build info: version: &apos;4.9.1&apos;, revision: &apos;eb2032df7f&apos;&#10;System info: os.name: &apos;Windows 11&apos;, os.arch: &apos;amd64&apos;, os.version: &apos;10.0&apos;, java.version: &apos;11.0.16.1&apos;&#10;Driver info: org.openqa.selenium.chrome.ChromeDriver&#10;Command: [da8b11ae29c7370ea79a8c9014c2f682, findElement {using=xpath, value=//a[normalize-space()=&apos;Signup / Login&apos;]}]&#10;Capabilities {acceptInsecureCerts: false, browserName: chrome, browserVersion: 113.0.5672.94, chrome: {chromedriverVersion: 113.0.5672.63 (0e1a4471d5ae..., userDataDir: C:\Program Files (x86)\scop...}, goog:chromeOptions: {debuggerAddress: localhost:64070}, networkConnectionEnabled: false, pageLoadStrategy: normal, platformName: windows, proxy: Proxy(), se:cdp: ws://localhost:64070/devtoo..., se:cdpVersion: 113.0.5672.94, setWindowRect: true, strictFileInteractability: false, timeouts: {implicit: 0, pageLoad: 300000, script: 30000}, unhandledPromptBehavior: dismiss and notify, webauthn:extension:credBlob: true, webauthn:extension:largeBlob: true, webauthn:extension:minPinLength: true, webauthn:extension:prf: true, webauthn:virtualAuthenticators: true}&#10;Session ID: da8b11ae29c7370ea79a8c9014c2f682" type="org.openqa.selenium.TimeoutException">org.openqa.selenium.TimeoutException: 
java.util.concurrent.TimeoutException
Build info: version: '4.9.1', revision: 'eb2032df7f'
System info: os.name: 'Windows 11', os.arch: 'amd64', os.version: '10.0', java.version: '11.0.16.1'
Driver info: org.openqa.selenium.chrome.ChromeDriver
Command: [da8b11ae29c7370ea79a8c9014c2f682, findElement {using=xpath, value=//a[normalize-space()='Signup / Login']}]
Capabilities {acceptInsecureCerts: false, browserName: chrome, browserVersion: 113.0.5672.94, chrome: {chromedriverVersion: 113.0.5672.63 (0e1a4471d5ae..., userDataDir: C:\Program Files (x86)\scop...}, goog:chromeOptions: {debuggerAddress: localhost:64070}, networkConnectionEnabled: false, pageLoadStrategy: normal, platformName: windows, proxy: Proxy(), se:cdp: ws://localhost:64070/devtoo..., se:cdpVersion: 113.0.5672.94, setWindowRect: true, strictFileInteractability: false, timeouts: {implicit: 0, pageLoad: 300000, script: 30000}, unhandledPromptBehavior: dismiss and notify, webauthn:extension:credBlob: true, webauthn:extension:largeBlob: true, webauthn:extension:minPinLength: true, webauthn:extension:prf: true, webauthn:virtualAuthenticators: true}
Session ID: da8b11ae29c7370ea79a8c9014c2f682
	at com.store.TestCases.TC_verifySignUp_LoginTest.verifyLoginUsingTestNG(TC_verifySignUp_LoginTest.java:66)
Caused by: java.util.concurrent.TimeoutException
	at com.store.TestCases.TC_verifySignUp_LoginTest.verifyLoginUsingTestNG(TC_verifySignUp_LoginTest.java:66)
</failure>
    <system-out><![CDATA[Name of test method started:verifyLoginUsingTestNG
]]></system-out>
  </testcase>
  <testcase name="verifyRegistrationAndSignUp" classname="com.store.TestCases.TC_verifySignUp_LoginTest" time="180.012">
    <failure message="java.util.concurrent.TimeoutException&#10;Build info: version: &apos;4.9.1&apos;, revision: &apos;eb2032df7f&apos;&#10;System info: os.name: &apos;Windows 11&apos;, os.arch: &apos;amd64&apos;, os.version: &apos;10.0&apos;, java.version: &apos;11.0.16.1&apos;&#10;Driver info: org.openqa.selenium.chrome.ChromeDriver&#10;Command: [da8b11ae29c7370ea79a8c9014c2f682, findElement {using=xpath, value=//a[normalize-space()=&apos;Signup / Login&apos;]}]&#10;Capabilities {acceptInsecureCerts: false, browserName: chrome, browserVersion: 113.0.5672.94, chrome: {chromedriverVersion: 113.0.5672.63 (0e1a4471d5ae..., userDataDir: C:\Program Files (x86)\scop...}, goog:chromeOptions: {debuggerAddress: localhost:64070}, networkConnectionEnabled: false, pageLoadStrategy: normal, platformName: windows, proxy: Proxy(), se:cdp: ws://localhost:64070/devtoo..., se:cdpVersion: 113.0.5672.94, setWindowRect: true, strictFileInteractability: false, timeouts: {implicit: 0, pageLoad: 300000, script: 30000}, unhandledPromptBehavior: dismiss and notify, webauthn:extension:credBlob: true, webauthn:extension:largeBlob: true, webauthn:extension:minPinLength: true, webauthn:extension:prf: true, webauthn:virtualAuthenticators: true}&#10;Session ID: da8b11ae29c7370ea79a8c9014c2f682" type="org.openqa.selenium.TimeoutException">org.openqa.selenium.TimeoutException: 
java.util.concurrent.TimeoutException
Build info: version: '4.9.1', revision: 'eb2032df7f'
System info: os.name: 'Windows 11', os.arch: 'amd64', os.version: '10.0', java.version: '11.0.16.1'
Driver info: org.openqa.selenium.chrome.ChromeDriver
Command: [da8b11ae29c7370ea79a8c9014c2f682, findElement {using=xpath, value=//a[normalize-space()='Signup / Login']}]
Capabilities {acceptInsecureCerts: false, browserName: chrome, browserVersion: 113.0.5672.94, chrome: {chromedriverVersion: 113.0.5672.63 (0e1a4471d5ae..., userDataDir: C:\Program Files (x86)\scop...}, goog:chromeOptions: {debuggerAddress: localhost:64070}, networkConnectionEnabled: false, pageLoadStrategy: normal, platformName: windows, proxy: Proxy(), se:cdp: ws://localhost:64070/devtoo..., se:cdpVersion: 113.0.5672.94, setWindowRect: true, strictFileInteractability: false, timeouts: {implicit: 0, pageLoad: 300000, script: 30000}, unhandledPromptBehavior: dismiss and notify, webauthn:extension:credBlob: true, webauthn:extension:largeBlob: true, webauthn:extension:minPinLength: true, webauthn:extension:prf: true, webauthn:virtualAuthenticators: true}
Session ID: da8b11ae29c7370ea79a8c9014c2f682
	at com.store.TestCases.TC_verifySignUp_LoginTest.verifyRegistrationAndSignUp(TC_verifySignUp_LoginTest.java:24)
Caused by: java.util.concurrent.TimeoutException
	at com.store.TestCases.TC_verifySignUp_LoginTest.verifyRegistrationAndSignUp(TC_verifySignUp_LoginTest.java:24)
</failure>
    <system-out><![CDATA[Name of test method started:verifyRegistrationAndSignUp
]]></system-out>
  </testcase>
  <testcase name="tearDown" classname="com.store.TestCases.TC_verifySignUp_LoginTest" time="360.036">
    <failure message="java.util.concurrent.TimeoutException&#10;Build info: version: &apos;4.9.1&apos;, revision: &apos;eb2032df7f&apos;&#10;System info: os.name: &apos;Windows 11&apos;, os.arch: &apos;amd64&apos;, os.version: &apos;10.0&apos;, java.version: &apos;11.0.16.1&apos;&#10;Driver info: org.openqa.selenium.chrome.ChromeDriver&#10;Command: [da8b11ae29c7370ea79a8c9014c2f682, close {}]&#10;Capabilities {acceptInsecureCerts: false, browserName: chrome, browserVersion: 113.0.5672.94, chrome: {chromedriverVersion: 113.0.5672.63 (0e1a4471d5ae..., userDataDir: C:\Program Files (x86)\scop...}, goog:chromeOptions: {debuggerAddress: localhost:64070}, networkConnectionEnabled: false, pageLoadStrategy: normal, platformName: windows, proxy: Proxy(), se:cdp: ws://localhost:64070/devtoo..., se:cdpVersion: 113.0.5672.94, setWindowRect: true, strictFileInteractability: false, timeouts: {implicit: 0, pageLoad: 300000, script: 30000}, unhandledPromptBehavior: dismiss and notify, webauthn:extension:credBlob: true, webauthn:extension:largeBlob: true, webauthn:extension:minPinLength: true, webauthn:extension:prf: true, webauthn:virtualAuthenticators: true}&#10;Session ID: da8b11ae29c7370ea79a8c9014c2f682" type="org.openqa.selenium.TimeoutException">org.openqa.selenium.TimeoutException: 
java.util.concurrent.TimeoutException
Build info: version: '4.9.1', revision: 'eb2032df7f'
System info: os.name: 'Windows 11', os.arch: 'amd64', os.version: '10.0', java.version: '11.0.16.1'
Driver info: org.openqa.selenium.chrome.ChromeDriver
Command: [da8b11ae29c7370ea79a8c9014c2f682, close {}]
Capabilities {acceptInsecureCerts: false, browserName: chrome, browserVersion: 113.0.5672.94, chrome: {chromedriverVersion: 113.0.5672.63 (0e1a4471d5ae..., userDataDir: C:\Program Files (x86)\scop...}, goog:chromeOptions: {debuggerAddress: localhost:64070}, networkConnectionEnabled: false, pageLoadStrategy: normal, platformName: windows, proxy: Proxy(), se:cdp: ws://localhost:64070/devtoo..., se:cdpVersion: 113.0.5672.94, setWindowRect: true, strictFileInteractability: false, timeouts: {implicit: 0, pageLoad: 300000, script: 30000}, unhandledPromptBehavior: dismiss and notify, webauthn:extension:credBlob: true, webauthn:extension:largeBlob: true, webauthn:extension:minPinLength: true, webauthn:extension:prf: true, webauthn:virtualAuthenticators: true}
Session ID: da8b11ae29c7370ea79a8c9014c2f682
Caused by: java.util.concurrent.TimeoutException
</failure>
  </testcase>
  <testcase name="TC01_PlaceOrder_LoginBeforeCheckout" classname="com.store.TestCases.TC_E2E_PlaceOrderTest" time="16.242">
    <failure message="Expected condition failed: waiting for title to be &quot;Automation Exercise - All Products&quot;. Current title: &quot;Automation Exercise&quot; (tried for 10 second(s) with 500 milliseconds interval)&#10;Build info: version: &apos;4.9.1&apos;, revision: &apos;eb2032df7f&apos;&#10;System info: os.name: &apos;Windows 11&apos;, os.arch: &apos;amd64&apos;, os.version: &apos;10.0&apos;, java.version: &apos;11.0.16.1&apos;&#10;Driver info: org.openqa.selenium.chrome.ChromeDriver&#10;Capabilities {acceptInsecureCerts: false, browserName: chrome, browserVersion: 113.0.5672.94, chrome: {chromedriverVersion: 113.0.5672.63 (0e1a4471d5ae..., userDataDir: C:\Program Files (x86)\scop...}, goog:chromeOptions: {debuggerAddress: localhost:64505}, networkConnectionEnabled: false, pageLoadStrategy: normal, platformName: windows, proxy: Proxy(), se:cdp: ws://localhost:64505/devtoo..., se:cdpVersion: 113.0.5672.94, setWindowRect: true, strictFileInteractability: false, timeouts: {implicit: 0, pageLoad: 300000, script: 30000}, unhandledPromptBehavior: dismiss and notify, webauthn:extension:credBlob: true, webauthn:extension:largeBlob: true, webauthn:extension:minPinLength: true, webauthn:extension:prf: true, webauthn:virtualAuthenticators: true}&#10;Session ID: d01ba1f531d7c311a609728beeae3ed5" type="org.openqa.selenium.TimeoutException">org.openqa.selenium.TimeoutException: 
Expected condition failed: waiting for title to be "Automation Exercise - All Products". Current title: "Automation Exercise" (tried for 10 second(s) with 500 milliseconds interval)
Build info: version: '4.9.1', revision: 'eb2032df7f'
System info: os.name: 'Windows 11', os.arch: 'amd64', os.version: '10.0', java.version: '11.0.16.1'
Driver info: org.openqa.selenium.chrome.ChromeDriver
Capabilities {acceptInsecureCerts: false, browserName: chrome, browserVersion: 113.0.5672.94, chrome: {chromedriverVersion: 113.0.5672.63 (0e1a4471d5ae..., userDataDir: C:\Program Files (x86)\scop...}, goog:chromeOptions: {debuggerAddress: localhost:64505}, networkConnectionEnabled: false, pageLoadStrategy: normal, platformName: windows, proxy: Proxy(), se:cdp: ws://localhost:64505/devtoo..., se:cdpVersion: 113.0.5672.94, setWindowRect: true, strictFileInteractability: false, timeouts: {implicit: 0, pageLoad: 300000, script: 30000}, unhandledPromptBehavior: dismiss and notify, webauthn:extension:credBlob: true, webauthn:extension:largeBlob: true, webauthn:extension:minPinLength: true, webauthn:extension:prf: true, webauthn:virtualAuthenticators: true}
Session ID: d01ba1f531d7c311a609728beeae3ed5
	at com.store.TestCases.TC_E2E_PlaceOrderTest.TC01_PlaceOrder_LoginBeforeCheckout(TC_E2E_PlaceOrderTest.java:50)
</failure>
    <system-out><![CDATA[Name of test method started:TC01_PlaceOrder_LoginBeforeCheckout
]]></system-out>
    <system-err><![CDATA[Starting ChromeDriver 113.0.5672.63 (0e1a4471d5ae5bf128b1bd8f4d627c8cbd55f70c-refs/branch-heads/5672@{#912}) on port 31558
Only local connections are allowed.
Please see https://chromedriver.chromium.org/security-considerations for suggestions on keeping ChromeDriver safe.
ChromeDriver was started successfully.
]]></system-err>
  </testcase>
</testsuite>